<?xml version="1.0" encoding="UTF-8"?>
<!-- Generated by org.testng.reporters.JUnitReportReporter -->
<testsuite hostname="DESKTOP-ONQMD74" failures="0" tests="1" name="testCases.TC003_SearchProductTest" time="1.399" errors="0" timestamp="2025-04-26T12:37:47 IST" skipped="0">
  <testcase classname="testCases.TC003_SearchProductTest" name="verifySearchProduct" time="1.399"/>
</testsuite> <!-- testCases.TC003_SearchProductTest -->
