<?xml version="1.0" encoding="UTF-8"?>
<!-- Generated by org.testng.reporters.JUnitReportReporter -->
<testsuite hostname="DESKTOP-ONQMD74" failures="0" tests="1" name="testCases.TC001_AccountRegistrationTest" time="2.938" errors="0" timestamp="2025-04-25T17:03:23 IST" skipped="0">
  <testcase classname="testCases.TC001_AccountRegistrationTest" name="verify_account_registration" time="2.938"/>
</testsuite> <!-- testCases.TC001_AccountRegistrationTest -->
