<?xml version="1.0" encoding="UTF-8"?>
<!-- Generated by org.testng.reporters.JUnitReportReporter -->
<testsuite hostname="DESKTOP-ONQMD74" failures="0" tests="1" name="testCases.TC003_AddProductToCartTest" time="2.275" errors="0" timestamp="2025-05-02T13:54:35 IST" skipped="0">
  <testcase classname="testCases.TC003_AddProductToCartTest" name="verifyProductAddToCart" time="2.275"/>
</testsuite> <!-- testCases.TC003_AddProductToCartTest -->
