<?xml version="1.0" encoding="UTF-8"?>
<!-- Generated by org.testng.reporters.JUnitReportReporter -->
<testsuite hostname="DESKTOP-ONQMD74" failures="0" tests="1" name="testCases.TC003_SearchProductTest" time="0.727" errors="0" timestamp="2025-05-02T10:53:49 IST" skipped="0">
  <testcase classname="testCases.TC003_SearchProductTest" name="verifySearchProduct" time="0.727"/>
</testsuite> <!-- testCases.TC003_SearchProductTest -->
