<?xml version="1.0" encoding="UTF-8"?>
<!-- Generated by org.testng.reporters.JUnitReportReporter -->
<testsuite hostname="DESKTOP-ONQMD74" failures="0" tests="1" name="testCases.TC002_LoginTest" time="2.817" errors="0" timestamp="2025-04-25T17:03:23 IST" skipped="0">
  <testcase classname="testCases.TC002_LoginTest" name="verify_Login" time="2.817"/>
</testsuite> <!-- testCases.TC002_LoginTest -->
