<?xml version="1.0" encoding="UTF-8"?>
<!-- Generated by org.testng.reporters.JUnitReportReporter -->
<testsuite hostname="DESKTOP-ONQMD74" failures="0" tests="1" name="testCases.TC001_AccountRegistrationTest" time="2.686" errors="0" timestamp="2025-05-02T13:54:35 IST" skipped="0">
  <testcase classname="testCases.TC001_AccountRegistrationTest" name="verify_account_registration" time="2.686"/>
</testsuite> <!-- testCases.TC001_AccountRegistrationTest -->
