<?xml version="1.0" encoding="UTF-8"?>
<!-- Generated by org.testng.reporters.JUnitReportReporter -->
<testsuite hostname="DESKTOP-ONQMD74" failures="0" tests="1" name="testCases.TC001_AccountRegistrationTest" time="2.815" errors="0" timestamp="2025-04-26T12:37:47 IST" skipped="0">
  <testcase classname="testCases.TC001_AccountRegistrationTest" name="verify_account_registration" time="2.815"/>
</testsuite> <!-- testCases.TC001_AccountRegistrationTest -->
