<?xml version="1.0" encoding="UTF-8"?>
<!-- Generated by org.testng.reporters.JUnitReportReporter -->
<testsuite hostname="DESKTOP-ONQMD74" failures="0" tests="1" name="testCases.TC002_LoginTest" time="2.975" errors="0" timestamp="2025-04-26T12:37:47 IST" skipped="0">
  <testcase classname="testCases.TC002_LoginTest" name="verify_Login" time="2.975"/>
</testsuite> <!-- testCases.TC002_LoginTest -->
