<?xml version="1.0" encoding="UTF-8"?>
<!-- Generated by org.testng.reporters.JUnitReportReporter -->
<testsuite hostname="DESKTOP-ONQMD74" failures="0" tests="1" name="testCases.TC002_LoginTest" time="3.265" errors="0" timestamp="2025-04-26T10:25:33 IST" skipped="0">
  <testcase classname="testCases.TC002_LoginTest" name="verify_Login" time="3.265"/>
</testsuite> <!-- testCases.TC002_LoginTest -->
